d:\pulpit\school\301cr\301cr game\framework\framework\x64\debug\vc141.pdb
d:\pulpit\school\301cr\301cr game\framework\framework\x64\debug\vc141.idb
d:\pulpit\school\301cr\301cr game\framework\framework\x64\debug\resourcemanager.obj
d:\pulpit\school\301cr\301cr game\framework\framework\x64\debug\main.obj
d:\pulpit\school\301cr\301cr game\framework\framework\x64\debug\eventqueue.obj
d:\pulpit\school\301cr\301cr game\framework\framework\x64\debug\engine.obj
d:\pulpit\school\301cr\301cr game\framework\framework\x64\debug\input.obj
d:\pulpit\school\301cr\301cr game\framework\x64\debug\framework.pdb
d:\pulpit\school\301cr\301cr game\framework\framework\x64\debug\framework.tlog\cl.command.1.tlog
d:\pulpit\school\301cr\301cr game\framework\framework\x64\debug\framework.tlog\cl.read.1.tlog
d:\pulpit\school\301cr\301cr game\framework\framework\x64\debug\framework.tlog\cl.write.1.tlog
d:\pulpit\school\301cr\301cr game\framework\framework\x64\debug\framework.tlog\link-cvtres.read.1.tlog
d:\pulpit\school\301cr\301cr game\framework\framework\x64\debug\framework.tlog\link-cvtres.write.1.tlog
d:\pulpit\school\301cr\301cr game\framework\framework\x64\debug\framework.tlog\link-rc.read.1.tlog
d:\pulpit\school\301cr\301cr game\framework\framework\x64\debug\framework.tlog\link-rc.write.1.tlog
d:\pulpit\school\301cr\301cr game\framework\framework\x64\debug\framework.tlog\link.14768-cvtres.read.1.tlog
d:\pulpit\school\301cr\301cr game\framework\framework\x64\debug\framework.tlog\link.14768-cvtres.write.1.tlog
d:\pulpit\school\301cr\301cr game\framework\framework\x64\debug\framework.tlog\link.14768-rc.read.1.tlog
d:\pulpit\school\301cr\301cr game\framework\framework\x64\debug\framework.tlog\link.14768-rc.write.1.tlog
d:\pulpit\school\301cr\301cr game\framework\framework\x64\debug\framework.tlog\link.14768.read.1.tlog
d:\pulpit\school\301cr\301cr game\framework\framework\x64\debug\framework.tlog\link.14768.write.1.tlog
d:\pulpit\school\301cr\301cr game\framework\framework\x64\debug\framework.tlog\link.command.1.tlog
d:\pulpit\school\301cr\301cr game\framework\framework\x64\debug\framework.tlog\link.read.1.tlog
d:\pulpit\school\301cr\301cr game\framework\framework\x64\debug\framework.tlog\link.write.1.tlog
